[2021-04-29 14:56:48.844+0800][INFO ][main][oap][instanceName] - Remove module redis-cluster without any provider
[2021-04-29 14:56:48.862+0800][INFO ][main][oap][instanceName] - Remove module receiver-meter without any provider
[2021-04-29 14:56:48.863+0800][INFO ][main][oap][instanceName] - Remove module receiver-oc without any provider
[2021-04-29 14:56:48.863+0800][INFO ][main][oap][instanceName] - Remove module receiver_zipkin without any provider
[2021-04-29 14:56:48.864+0800][INFO ][main][oap][instanceName] - Remove module receiver_jaeger without any provider
[2021-04-29 14:56:48.864+0800][INFO ][main][oap][instanceName] - Remove module exporter without any provider
[2021-04-29 14:56:48.864+0800][INFO ][main][oap][instanceName] - Remove module health-checker without any provider
[2021-04-29 14:56:48.867+0800][INFO ][main][oap][instanceName] - Get a module define from application.yml, module name: cluster
[2021-04-29 14:56:48.871+0800][INFO ][main][oap][instanceName] - Get a provider define belong to cluster module, provider name: standalone
[2021-04-29 14:56:48.872+0800][INFO ][main][oap][instanceName] - Get a module define from application.yml, module name: core
[2021-04-29 14:56:48.872+0800][INFO ][main][oap][instanceName] - Get a provider define belong to core module, provider name: default
[2021-04-29 14:56:48.875+0800][INFO ][main][oap][instanceName] - Provider=default config=role has been set as Mixed
[2021-04-29 14:56:48.876+0800][INFO ][main][oap][instanceName] - Provider=default config=restHost has been set as 0.0.0.0
[2021-04-29 14:56:48.876+0800][INFO ][main][oap][instanceName] - Provider=default config=restPort has been set as 12800
[2021-04-29 14:56:48.877+0800][INFO ][main][oap][instanceName] - Provider=default config=restContextPath has been set as /
[2021-04-29 14:56:48.878+0800][INFO ][main][oap][instanceName] - Provider=default config=restMinThreads has been set as 1
[2021-04-29 14:56:48.878+0800][INFO ][main][oap][instanceName] - Provider=default config=restMaxThreads has been set as 200
[2021-04-29 14:56:48.879+0800][INFO ][main][oap][instanceName] - Provider=default config=restIdleTimeOut has been set as 30000
[2021-04-29 14:56:48.879+0800][INFO ][main][oap][instanceName] - Provider=default config=restAcceptorPriorityDelta has been set as 0
[2021-04-29 14:56:48.880+0800][INFO ][main][oap][instanceName] - Provider=default config=restAcceptQueueSize has been set as 0
[2021-04-29 14:56:48.881+0800][INFO ][main][oap][instanceName] - Provider=default config=gRPCHost has been set as 0.0.0.0
[2021-04-29 14:56:48.881+0800][INFO ][main][oap][instanceName] - Provider=default config=gRPCPort has been set as 11800
[2021-04-29 14:56:48.882+0800][INFO ][main][oap][instanceName] - Provider=default config=gRPCSslEnabled has been set as false
[2021-04-29 14:56:48.882+0800][INFO ][main][oap][instanceName] - Provider=default config=gRPCSslKeyPath has been set as 
[2021-04-29 14:56:48.883+0800][INFO ][main][oap][instanceName] - Provider=default config=gRPCSslCertChainPath has been set as 
[2021-04-29 14:56:48.884+0800][INFO ][main][oap][instanceName] - Provider=default config=gRPCSslTrustedCAPath has been set as 
[2021-04-29 14:56:48.886+0800][INFO ][main][oap][instanceName] - Provider=default config=downsampling has been set as [Hour, Day]
[2021-04-29 14:56:48.888+0800][INFO ][main][oap][instanceName] - Provider=default config=enableDataKeeperExecutor has been set as true
[2021-04-29 14:56:48.888+0800][INFO ][main][oap][instanceName] - Provider=default config=dataKeeperExecutePeriod has been set as 5
[2021-04-29 14:56:48.891+0800][INFO ][main][oap][instanceName] - Provider=default config=recordDataTTL has been set as 3
[2021-04-29 14:56:48.892+0800][INFO ][main][oap][instanceName] - Provider=default config=metricsDataTTL has been set as 7
[2021-04-29 14:56:48.894+0800][INFO ][main][oap][instanceName] - Provider=default config=enableDatabaseSession has been set as true
[2021-04-29 14:56:48.895+0800][INFO ][main][oap][instanceName] - Provider=default config=topNReportPeriod has been set as 10
[2021-04-29 14:56:48.896+0800][INFO ][main][oap][instanceName] - Provider=default config=activeExtraModelColumns has been set as false
[2021-04-29 14:56:48.897+0800][INFO ][main][oap][instanceName] - Provider=default config=serviceNameMaxLength has been set as 70
[2021-04-29 14:56:48.897+0800][INFO ][main][oap][instanceName] - Provider=default config=instanceNameMaxLength has been set as 70
[2021-04-29 14:56:48.898+0800][INFO ][main][oap][instanceName] - Provider=default config=endpointNameMaxLength has been set as 150
[2021-04-29 14:56:48.898+0800][INFO ][main][oap][instanceName] - Provider=default config=serializeAggregate has been set as false
[2021-04-29 14:56:48.899+0800][INFO ][main][oap][instanceName] - Provider=default config=parallelThreadNum has been set as 4
[2021-04-29 14:56:48.902+0800][INFO ][main][oap][instanceName] - Get a module define from application.yml, module name: storage
[2021-04-29 14:56:48.902+0800][INFO ][main][oap][instanceName] - Get a provider define belong to storage module, provider name: mysql
[2021-04-29 14:56:48.904+0800][INFO ][main][oap][instanceName] - Provider=mysql config=jdbcUrl has been set as jdbc:mysql://localhost:3306/swtest
[2021-04-29 14:56:48.904+0800][INFO ][main][oap][instanceName] - Provider=mysql config=dataSource.user has been set as root
[2021-04-29 14:56:48.905+0800][INFO ][main][oap][instanceName] - Provider=mysql config=dataSource.password has been set as root
[2021-04-29 14:56:48.905+0800][INFO ][main][oap][instanceName] - Provider=mysql config=dataSource.cachePrepStmts has been set as true
[2021-04-29 14:56:48.906+0800][INFO ][main][oap][instanceName] - Provider=mysql config=dataSource.prepStmtCacheSize has been set as 250
[2021-04-29 14:56:48.906+0800][INFO ][main][oap][instanceName] - Provider=mysql config=dataSource.prepStmtCacheSqlLimit has been set as 2048
[2021-04-29 14:56:48.907+0800][INFO ][main][oap][instanceName] - Provider=mysql config=dataSource.useServerPrepStmts has been set as true
[2021-04-29 14:56:48.907+0800][INFO ][main][oap][instanceName] - Provider=mysql config=metadataQueryMaxSize has been set as 5000
[2021-04-29 14:56:48.908+0800][INFO ][main][oap][instanceName] - Get a module define from application.yml, module name: agent-analyzer
[2021-04-29 14:56:48.908+0800][INFO ][main][oap][instanceName] - Get a provider define belong to agent-analyzer module, provider name: default
[2021-04-29 14:56:48.908+0800][INFO ][main][oap][instanceName] - Provider=default config=sampleRate has been set as 10000
[2021-04-29 14:56:48.909+0800][INFO ][main][oap][instanceName] - Provider=default config=slowDBAccessThreshold has been set as default:200,mongodb:100
[2021-04-29 14:56:48.910+0800][INFO ][main][oap][instanceName] - Get a module define from application.yml, module name: redis
[2021-04-29 14:56:48.910+0800][INFO ][main][oap][instanceName] - Get a provider define belong to redis module, provider name: default
[2021-04-29 14:56:48.910+0800][INFO ][main][oap][instanceName] - Provider=default config=node has been set as redis://127.0.0.1:6379
[2021-04-29 14:56:48.911+0800][INFO ][main][oap][instanceName] - Provider=default config=timeout has been set as 10000
[2021-04-29 14:56:48.911+0800][INFO ][main][oap][instanceName] - Provider=default config=database has been set as 0
[2021-04-29 14:56:48.912+0800][INFO ][main][oap][instanceName] - Provider=default config=maxActive has been set as 200
[2021-04-29 14:56:48.912+0800][INFO ][main][oap][instanceName] - Provider=default config=maxWait has been set as 10000
[2021-04-29 14:56:48.912+0800][INFO ][main][oap][instanceName] - Provider=default config=maxIdle has been set as 10
[2021-04-29 14:56:48.913+0800][INFO ][main][oap][instanceName] - Provider=default config=minIdle has been set as 5
[2021-04-29 14:56:48.913+0800][INFO ][main][oap][instanceName] - Get a module define from application.yml, module name: receiver-sharing-server
[2021-04-29 14:56:48.914+0800][INFO ][main][oap][instanceName] - Get a provider define belong to receiver-sharing-server module, provider name: default
[2021-04-29 14:56:48.914+0800][INFO ][main][oap][instanceName] - Provider=default config=host has been set as 0.0.0.0
[2021-04-29 14:56:48.915+0800][INFO ][main][oap][instanceName] - Provider=default config=contextPath has been set as /
[2021-04-29 14:56:48.915+0800][INFO ][main][oap][instanceName] - Provider=default config=authentication has been set as 
[2021-04-29 14:56:48.916+0800][INFO ][main][oap][instanceName] - Provider=default config=jettyMinThreads has been set as 1
[2021-04-29 14:56:48.916+0800][INFO ][main][oap][instanceName] - Provider=default config=jettyMaxThreads has been set as 200
[2021-04-29 14:56:48.917+0800][INFO ][main][oap][instanceName] - Provider=default config=jettyIdleTimeOut has been set as 30000
[2021-04-29 14:56:48.917+0800][INFO ][main][oap][instanceName] - Provider=default config=jettyAcceptorPriorityDelta has been set as 0
[2021-04-29 14:56:48.918+0800][INFO ][main][oap][instanceName] - Provider=default config=jettyAcceptQueueSize has been set as 0
[2021-04-29 14:56:48.918+0800][INFO ][main][oap][instanceName] - Get a module define from application.yml, module name: receiver-register
[2021-04-29 14:56:48.918+0800][INFO ][main][oap][instanceName] - Get a provider define belong to receiver-register module, provider name: default
[2021-04-29 14:56:48.918+0800][INFO ][main][oap][instanceName] - Get a module define from application.yml, module name: receiver-trace
[2021-04-29 14:56:48.919+0800][INFO ][main][oap][instanceName] - Get a provider define belong to receiver-trace module, provider name: default
[2021-04-29 14:56:48.920+0800][INFO ][main][oap][instanceName] - Get a module define from application.yml, module name: receiver-jvm
[2021-04-29 14:56:48.920+0800][INFO ][main][oap][instanceName] - Get a provider define belong to receiver-jvm module, provider name: default
[2021-04-29 14:56:48.920+0800][INFO ][main][oap][instanceName] - Get a module define from application.yml, module name: receiver-clr
[2021-04-29 14:56:48.920+0800][INFO ][main][oap][instanceName] - Get a provider define belong to receiver-clr module, provider name: default
[2021-04-29 14:56:48.920+0800][INFO ][main][oap][instanceName] - Get a module define from application.yml, module name: receiver-profile
[2021-04-29 14:56:48.920+0800][INFO ][main][oap][instanceName] - Get a provider define belong to receiver-profile module, provider name: default
[2021-04-29 14:56:48.921+0800][INFO ][main][oap][instanceName] - Get a module define from application.yml, module name: service-mesh
[2021-04-29 14:56:48.921+0800][INFO ][main][oap][instanceName] - Get a provider define belong to service-mesh module, provider name: default
[2021-04-29 14:56:48.922+0800][INFO ][main][oap][instanceName] - Get a module define from application.yml, module name: istio-telemetry
[2021-04-29 14:56:48.922+0800][INFO ][main][oap][instanceName] - Get a provider define belong to istio-telemetry module, provider name: default
[2021-04-29 14:56:48.922+0800][INFO ][main][oap][instanceName] - Get a module define from application.yml, module name: envoy-metric
[2021-04-29 14:56:48.923+0800][INFO ][main][oap][instanceName] - Get a provider define belong to envoy-metric module, provider name: default
[2021-04-29 14:56:48.923+0800][INFO ][main][oap][instanceName] - Provider=default config=acceptMetricsService has been set as true
[2021-04-29 14:56:48.924+0800][INFO ][main][oap][instanceName] - Provider=default config=alsHTTPAnalysis has been set as 
[2021-04-29 14:56:48.924+0800][INFO ][main][oap][instanceName] - Get a module define from application.yml, module name: prometheus-fetcher
[2021-04-29 14:56:48.924+0800][INFO ][main][oap][instanceName] - Get a provider define belong to prometheus-fetcher module, provider name: default
[2021-04-29 14:56:48.925+0800][INFO ][main][oap][instanceName] - Provider=default config=active has been set as false
[2021-04-29 14:56:48.925+0800][INFO ][main][oap][instanceName] - Get a module define from application.yml, module name: kafka-fetcher
[2021-04-29 14:56:48.925+0800][INFO ][main][oap][instanceName] - Get a provider define belong to kafka-fetcher module, provider name: default
[2021-04-29 14:56:48.926+0800][INFO ][main][oap][instanceName] - Provider=default config=bootstrapServers has been set as localhost:9092
[2021-04-29 14:56:48.926+0800][INFO ][main][oap][instanceName] - Provider=default config=partitions has been set as 3
[2021-04-29 14:56:48.927+0800][INFO ][main][oap][instanceName] - Provider=default config=replicationFactor has been set as 1
[2021-04-29 14:56:48.927+0800][INFO ][main][oap][instanceName] - Provider=default config=enableMeterSystem has been set as false
[2021-04-29 14:56:48.928+0800][INFO ][main][oap][instanceName] - Provider=default config=isSharding has been set as false
[2021-04-29 14:56:48.928+0800][INFO ][main][oap][instanceName] - Provider=default config=consumePartitions has been set as 
[2021-04-29 14:56:48.929+0800][INFO ][main][oap][instanceName] - Provider=default config=safeOffset has been set as 1000
[2021-04-29 14:56:48.929+0800][INFO ][main][oap][instanceName] - Get a module define from application.yml, module name: receiver-connection-pool
[2021-04-29 14:56:48.929+0800][INFO ][main][oap][instanceName] - Get a provider define belong to receiver-connection-pool module, provider name: default
[2021-04-29 14:56:48.930+0800][INFO ][main][oap][instanceName] - Get a module define from application.yml, module name: receiver-server-monitor
[2021-04-29 14:56:48.930+0800][INFO ][main][oap][instanceName] - Get a provider define belong to receiver-server-monitor module, provider name: default
[2021-04-29 14:56:48.930+0800][INFO ][main][oap][instanceName] - Get a module define from application.yml, module name: query
[2021-04-29 14:56:48.930+0800][INFO ][main][oap][instanceName] - Get a provider define belong to query module, provider name: graphql
[2021-04-29 14:56:48.931+0800][INFO ][main][oap][instanceName] - Provider=graphql config=path has been set as /graphql
[2021-04-29 14:56:48.931+0800][INFO ][main][oap][instanceName] - Provider=graphql config=aliveTime has been set as 2
[2021-04-29 14:56:48.931+0800][INFO ][main][oap][instanceName] - Get a module define from application.yml, module name: alarm
[2021-04-29 14:56:48.932+0800][INFO ][main][oap][instanceName] - Get a provider define belong to alarm module, provider name: default
[2021-04-29 14:56:48.932+0800][INFO ][main][oap][instanceName] - Get a module define from application.yml, module name: telemetry
[2021-04-29 14:56:48.932+0800][INFO ][main][oap][instanceName] - Get a provider define belong to telemetry module, provider name: none
[2021-04-29 14:56:48.932+0800][INFO ][main][oap][instanceName] - Get a module define from application.yml, module name: configuration
[2021-04-29 14:56:48.932+0800][INFO ][main][oap][instanceName] - Get a provider define belong to configuration module, provider name: zookeeper
[2021-04-29 14:56:48.933+0800][INFO ][main][oap][instanceName] - Provider=zookeeper config=period has been set as 60
[2021-04-29 14:56:48.934+0800][INFO ][main][oap][instanceName] - Provider=zookeeper config=nameSpace has been set as /default
[2021-04-29 14:56:48.934+0800][INFO ][main][oap][instanceName] - Provider=zookeeper config=hostPort has been set as localhost:2181
[2021-04-29 14:56:48.934+0800][INFO ][main][oap][instanceName] - Provider=zookeeper config=baseSleepTimeMs has been set as 1000
[2021-04-29 14:56:48.936+0800][INFO ][main][oap][instanceName] - Provider=zookeeper config=maxRetries has been set as 3
[2021-05-07 15:46:55.508+0800][INFO ][main][oap][instanceName] - Remove module redis-cluster without any provider
[2021-05-07 15:46:55.515+0800][INFO ][main][oap][instanceName] - Remove module receiver-meter without any provider
[2021-05-07 15:46:55.515+0800][INFO ][main][oap][instanceName] - Remove module receiver-oc without any provider
[2021-05-07 15:46:55.515+0800][INFO ][main][oap][instanceName] - Remove module receiver_zipkin without any provider
[2021-05-07 15:46:55.516+0800][INFO ][main][oap][instanceName] - Remove module receiver_jaeger without any provider
[2021-05-07 15:46:55.516+0800][INFO ][main][oap][instanceName] - Remove module exporter without any provider
[2021-05-07 15:46:55.516+0800][INFO ][main][oap][instanceName] - Remove module health-checker without any provider
[2021-05-07 15:46:55.518+0800][INFO ][main][oap][instanceName] - Get a module define from application.yml, module name: cluster
[2021-05-07 15:46:55.522+0800][INFO ][main][oap][instanceName] - Get a provider define belong to cluster module, provider name: standalone
[2021-05-07 15:46:55.523+0800][INFO ][main][oap][instanceName] - Get a module define from application.yml, module name: core
[2021-05-07 15:46:55.524+0800][INFO ][main][oap][instanceName] - Get a provider define belong to core module, provider name: default
[2021-05-07 15:46:55.525+0800][INFO ][main][oap][instanceName] - Provider=default config=role has been set as Mixed
[2021-05-07 15:46:55.525+0800][INFO ][main][oap][instanceName] - Provider=default config=restHost has been set as 0.0.0.0
[2021-05-07 15:46:55.526+0800][INFO ][main][oap][instanceName] - Provider=default config=restPort has been set as 12800
[2021-05-07 15:46:55.526+0800][INFO ][main][oap][instanceName] - Provider=default config=restContextPath has been set as /
[2021-05-07 15:46:55.527+0800][INFO ][main][oap][instanceName] - Provider=default config=restMinThreads has been set as 1
[2021-05-07 15:46:55.527+0800][INFO ][main][oap][instanceName] - Provider=default config=restMaxThreads has been set as 200
[2021-05-07 15:46:55.528+0800][INFO ][main][oap][instanceName] - Provider=default config=restIdleTimeOut has been set as 30000
[2021-05-07 15:46:55.529+0800][INFO ][main][oap][instanceName] - Provider=default config=restAcceptorPriorityDelta has been set as 0
[2021-05-07 15:46:55.529+0800][INFO ][main][oap][instanceName] - Provider=default config=restAcceptQueueSize has been set as 0
[2021-05-07 15:46:55.530+0800][INFO ][main][oap][instanceName] - Provider=default config=gRPCHost has been set as 0.0.0.0
[2021-05-07 15:46:55.530+0800][INFO ][main][oap][instanceName] - Provider=default config=gRPCPort has been set as 11800
[2021-05-07 15:46:55.530+0800][INFO ][main][oap][instanceName] - Provider=default config=gRPCSslEnabled has been set as false
[2021-05-07 15:46:55.531+0800][INFO ][main][oap][instanceName] - Provider=default config=gRPCSslKeyPath has been set as 
[2021-05-07 15:46:55.531+0800][INFO ][main][oap][instanceName] - Provider=default config=gRPCSslCertChainPath has been set as 
[2021-05-07 15:46:55.532+0800][INFO ][main][oap][instanceName] - Provider=default config=gRPCSslTrustedCAPath has been set as 
[2021-05-07 15:46:55.534+0800][INFO ][main][oap][instanceName] - Provider=default config=downsampling has been set as [Hour, Day]
[2021-05-07 15:46:55.535+0800][INFO ][main][oap][instanceName] - Provider=default config=enableDataKeeperExecutor has been set as true
[2021-05-07 15:46:55.535+0800][INFO ][main][oap][instanceName] - Provider=default config=dataKeeperExecutePeriod has been set as 5
[2021-05-07 15:46:55.535+0800][INFO ][main][oap][instanceName] - Provider=default config=recordDataTTL has been set as 3
[2021-05-07 15:46:55.536+0800][INFO ][main][oap][instanceName] - Provider=default config=metricsDataTTL has been set as 7
[2021-05-07 15:46:55.536+0800][INFO ][main][oap][instanceName] - Provider=default config=enableDatabaseSession has been set as true
[2021-05-07 15:46:55.537+0800][INFO ][main][oap][instanceName] - Provider=default config=topNReportPeriod has been set as 10
[2021-05-07 15:46:55.537+0800][INFO ][main][oap][instanceName] - Provider=default config=activeExtraModelColumns has been set as false
[2021-05-07 15:46:55.538+0800][INFO ][main][oap][instanceName] - Provider=default config=serviceNameMaxLength has been set as 70
[2021-05-07 15:46:55.538+0800][INFO ][main][oap][instanceName] - Provider=default config=instanceNameMaxLength has been set as 70
[2021-05-07 15:46:55.539+0800][INFO ][main][oap][instanceName] - Provider=default config=endpointNameMaxLength has been set as 150
[2021-05-07 15:46:55.539+0800][INFO ][main][oap][instanceName] - Provider=default config=serializeAggregate has been set as false
[2021-05-07 15:46:55.539+0800][INFO ][main][oap][instanceName] - Provider=default config=parallelThreadNum has been set as 4
[2021-05-07 15:46:55.540+0800][INFO ][main][oap][instanceName] - Get a module define from application.yml, module name: storage
[2021-05-07 15:46:55.540+0800][INFO ][main][oap][instanceName] - Get a provider define belong to storage module, provider name: mysql
[2021-05-07 15:46:55.541+0800][INFO ][main][oap][instanceName] - Provider=mysql config=jdbcUrl has been set as jdbc:mysql://localhost:3306/swtest
[2021-05-07 15:46:55.542+0800][INFO ][main][oap][instanceName] - Provider=mysql config=dataSource.user has been set as root
[2021-05-07 15:46:55.542+0800][INFO ][main][oap][instanceName] - Provider=mysql config=dataSource.password has been set as root
[2021-05-07 15:46:55.545+0800][INFO ][main][oap][instanceName] - Provider=mysql config=dataSource.cachePrepStmts has been set as true
[2021-05-07 15:46:55.545+0800][INFO ][main][oap][instanceName] - Provider=mysql config=dataSource.prepStmtCacheSize has been set as 250
[2021-05-07 15:46:55.546+0800][INFO ][main][oap][instanceName] - Provider=mysql config=dataSource.prepStmtCacheSqlLimit has been set as 2048
[2021-05-07 15:46:55.546+0800][INFO ][main][oap][instanceName] - Provider=mysql config=dataSource.useServerPrepStmts has been set as true
[2021-05-07 15:46:55.546+0800][INFO ][main][oap][instanceName] - Provider=mysql config=metadataQueryMaxSize has been set as 5000
[2021-05-07 15:46:55.547+0800][INFO ][main][oap][instanceName] - Get a module define from application.yml, module name: agent-analyzer
[2021-05-07 15:46:55.547+0800][INFO ][main][oap][instanceName] - Get a provider define belong to agent-analyzer module, provider name: default
[2021-05-07 15:46:55.547+0800][INFO ][main][oap][instanceName] - Provider=default config=sampleRate has been set as 10000
[2021-05-07 15:46:55.547+0800][INFO ][main][oap][instanceName] - Provider=default config=slowDBAccessThreshold has been set as default:200,mongodb:100
[2021-05-07 15:46:55.548+0800][INFO ][main][oap][instanceName] - Get a module define from application.yml, module name: redis
[2021-05-07 15:46:55.548+0800][INFO ][main][oap][instanceName] - Get a provider define belong to redis module, provider name: default
[2021-05-07 15:46:55.548+0800][INFO ][main][oap][instanceName] - Provider=default config=node has been set as redis://127.0.0.1:6379
[2021-05-07 15:46:55.549+0800][INFO ][main][oap][instanceName] - Provider=default config=timeout has been set as 10000
[2021-05-07 15:46:55.549+0800][INFO ][main][oap][instanceName] - Provider=default config=database has been set as 0
[2021-05-07 15:46:55.549+0800][INFO ][main][oap][instanceName] - Provider=default config=maxActive has been set as 200
[2021-05-07 15:46:55.550+0800][INFO ][main][oap][instanceName] - Provider=default config=maxWait has been set as 10000
[2021-05-07 15:46:55.550+0800][INFO ][main][oap][instanceName] - Provider=default config=maxIdle has been set as 10
[2021-05-07 15:46:55.550+0800][INFO ][main][oap][instanceName] - Provider=default config=minIdle has been set as 5
[2021-05-07 15:46:55.550+0800][INFO ][main][oap][instanceName] - Get a module define from application.yml, module name: receiver-sharing-server
[2021-05-07 15:46:55.550+0800][INFO ][main][oap][instanceName] - Get a provider define belong to receiver-sharing-server module, provider name: default
[2021-05-07 15:46:55.551+0800][INFO ][main][oap][instanceName] - Provider=default config=host has been set as 0.0.0.0
[2021-05-07 15:46:55.551+0800][INFO ][main][oap][instanceName] - Provider=default config=contextPath has been set as /
[2021-05-07 15:46:55.551+0800][INFO ][main][oap][instanceName] - Provider=default config=authentication has been set as 
[2021-05-07 15:46:55.552+0800][INFO ][main][oap][instanceName] - Provider=default config=jettyMinThreads has been set as 1
[2021-05-07 15:46:55.552+0800][INFO ][main][oap][instanceName] - Provider=default config=jettyMaxThreads has been set as 200
[2021-05-07 15:46:55.552+0800][INFO ][main][oap][instanceName] - Provider=default config=jettyIdleTimeOut has been set as 30000
[2021-05-07 15:46:55.553+0800][INFO ][main][oap][instanceName] - Provider=default config=jettyAcceptorPriorityDelta has been set as 0
[2021-05-07 15:46:55.553+0800][INFO ][main][oap][instanceName] - Provider=default config=jettyAcceptQueueSize has been set as 0
[2021-05-07 15:46:55.553+0800][INFO ][main][oap][instanceName] - Get a module define from application.yml, module name: receiver-register
[2021-05-07 15:46:55.554+0800][INFO ][main][oap][instanceName] - Get a provider define belong to receiver-register module, provider name: default
[2021-05-07 15:46:55.554+0800][INFO ][main][oap][instanceName] - Get a module define from application.yml, module name: receiver-trace
[2021-05-07 15:46:55.554+0800][INFO ][main][oap][instanceName] - Get a provider define belong to receiver-trace module, provider name: default
[2021-05-07 15:46:55.555+0800][INFO ][main][oap][instanceName] - Get a module define from application.yml, module name: receiver-jvm
[2021-05-07 15:46:55.555+0800][INFO ][main][oap][instanceName] - Get a provider define belong to receiver-jvm module, provider name: default
[2021-05-07 15:46:55.555+0800][INFO ][main][oap][instanceName] - Get a module define from application.yml, module name: receiver-clr
[2021-05-07 15:46:55.555+0800][INFO ][main][oap][instanceName] - Get a provider define belong to receiver-clr module, provider name: default
[2021-05-07 15:46:55.556+0800][INFO ][main][oap][instanceName] - Get a module define from application.yml, module name: receiver-profile
[2021-05-07 15:46:55.556+0800][INFO ][main][oap][instanceName] - Get a provider define belong to receiver-profile module, provider name: default
[2021-05-07 15:46:55.556+0800][INFO ][main][oap][instanceName] - Get a module define from application.yml, module name: service-mesh
[2021-05-07 15:46:55.556+0800][INFO ][main][oap][instanceName] - Get a provider define belong to service-mesh module, provider name: default
[2021-05-07 15:46:55.556+0800][INFO ][main][oap][instanceName] - Get a module define from application.yml, module name: istio-telemetry
[2021-05-07 15:46:55.556+0800][INFO ][main][oap][instanceName] - Get a provider define belong to istio-telemetry module, provider name: default
[2021-05-07 15:46:55.557+0800][INFO ][main][oap][instanceName] - Get a module define from application.yml, module name: envoy-metric
[2021-05-07 15:46:55.557+0800][INFO ][main][oap][instanceName] - Get a provider define belong to envoy-metric module, provider name: default
[2021-05-07 15:46:55.558+0800][INFO ][main][oap][instanceName] - Provider=default config=acceptMetricsService has been set as true
[2021-05-07 15:46:55.558+0800][INFO ][main][oap][instanceName] - Provider=default config=alsHTTPAnalysis has been set as 
[2021-05-07 15:46:55.558+0800][INFO ][main][oap][instanceName] - Get a module define from application.yml, module name: prometheus-fetcher
[2021-05-07 15:46:55.559+0800][INFO ][main][oap][instanceName] - Get a provider define belong to prometheus-fetcher module, provider name: default
[2021-05-07 15:46:55.559+0800][INFO ][main][oap][instanceName] - Provider=default config=active has been set as false
[2021-05-07 15:46:55.559+0800][INFO ][main][oap][instanceName] - Get a module define from application.yml, module name: kafka-fetcher
[2021-05-07 15:46:55.560+0800][INFO ][main][oap][instanceName] - Get a provider define belong to kafka-fetcher module, provider name: default
[2021-05-07 15:46:55.560+0800][INFO ][main][oap][instanceName] - Provider=default config=bootstrapServers has been set as localhost:9092
[2021-05-07 15:46:55.561+0800][INFO ][main][oap][instanceName] - Provider=default config=partitions has been set as 3
[2021-05-07 15:46:55.562+0800][INFO ][main][oap][instanceName] - Provider=default config=replicationFactor has been set as 1
[2021-05-07 15:46:55.563+0800][INFO ][main][oap][instanceName] - Provider=default config=enableMeterSystem has been set as false
[2021-05-07 15:46:55.563+0800][INFO ][main][oap][instanceName] - Provider=default config=isSharding has been set as false
[2021-05-07 15:46:55.564+0800][INFO ][main][oap][instanceName] - Provider=default config=consumePartitions has been set as 
[2021-05-07 15:46:55.564+0800][INFO ][main][oap][instanceName] - Provider=default config=safeOffset has been set as 1000
[2021-05-07 15:46:55.565+0800][INFO ][main][oap][instanceName] - Provider=default config=groupId has been set as skywalking-consumer-op
[2021-05-07 15:46:55.565+0800][INFO ][main][oap][instanceName] - Provider=default config=topicNameOfTracingSegments has been set as skywalking-segments-op
[2021-05-07 15:46:55.565+0800][INFO ][main][oap][instanceName] - Get a module define from application.yml, module name: receiver-connection-pool
[2021-05-07 15:46:55.566+0800][INFO ][main][oap][instanceName] - Get a provider define belong to receiver-connection-pool module, provider name: default
[2021-05-07 15:46:55.566+0800][INFO ][main][oap][instanceName] - Get a module define from application.yml, module name: receiver-server-monitor
[2021-05-07 15:46:55.566+0800][INFO ][main][oap][instanceName] - Get a provider define belong to receiver-server-monitor module, provider name: default
[2021-05-07 15:46:55.567+0800][INFO ][main][oap][instanceName] - Get a module define from application.yml, module name: query
[2021-05-07 15:46:55.567+0800][INFO ][main][oap][instanceName] - Get a provider define belong to query module, provider name: graphql
[2021-05-07 15:46:55.567+0800][INFO ][main][oap][instanceName] - Provider=graphql config=path has been set as /graphql
[2021-05-07 15:46:55.568+0800][INFO ][main][oap][instanceName] - Provider=graphql config=aliveTime has been set as 2
[2021-05-07 15:46:55.568+0800][INFO ][main][oap][instanceName] - Get a module define from application.yml, module name: alarm
[2021-05-07 15:46:55.568+0800][INFO ][main][oap][instanceName] - Get a provider define belong to alarm module, provider name: default
[2021-05-07 15:46:55.568+0800][INFO ][main][oap][instanceName] - Get a module define from application.yml, module name: telemetry
[2021-05-07 15:46:55.568+0800][INFO ][main][oap][instanceName] - Get a provider define belong to telemetry module, provider name: none
[2021-05-07 15:46:55.569+0800][INFO ][main][oap][instanceName] - Get a module define from application.yml, module name: configuration
[2021-05-07 15:46:55.570+0800][INFO ][main][oap][instanceName] - Get a provider define belong to configuration module, provider name: zookeeper
[2021-05-07 15:46:55.570+0800][INFO ][main][oap][instanceName] - Provider=zookeeper config=period has been set as 60
[2021-05-07 15:46:55.571+0800][INFO ][main][oap][instanceName] - Provider=zookeeper config=nameSpace has been set as /default
[2021-05-07 15:46:55.571+0800][INFO ][main][oap][instanceName] - Provider=zookeeper config=hostPort has been set as localhost:2181
[2021-05-07 15:46:55.572+0800][INFO ][main][oap][instanceName] - Provider=zookeeper config=baseSleepTimeMs has been set as 1000
[2021-05-07 15:46:55.572+0800][INFO ][main][oap][instanceName] - Provider=zookeeper config=maxRetries has been set as 3
[2021-05-08 14:34:26.849+0800][INFO ][main][oap][instanceName] - Remove module redis-cluster without any provider
[2021-05-08 14:34:26.854+0800][INFO ][main][oap][instanceName] - Remove module receiver-meter without any provider
[2021-05-08 14:34:26.854+0800][INFO ][main][oap][instanceName] - Remove module receiver-oc without any provider
[2021-05-08 14:34:26.854+0800][INFO ][main][oap][instanceName] - Remove module receiver_zipkin without any provider
[2021-05-08 14:34:26.855+0800][INFO ][main][oap][instanceName] - Remove module receiver_jaeger without any provider
[2021-05-08 14:34:26.855+0800][INFO ][main][oap][instanceName] - Remove module exporter without any provider
[2021-05-08 14:34:26.855+0800][INFO ][main][oap][instanceName] - Remove module health-checker without any provider
[2021-05-08 14:34:26.856+0800][INFO ][main][oap][instanceName] - Get a module define from application.yml, module name: cluster
[2021-05-08 14:34:26.858+0800][INFO ][main][oap][instanceName] - Get a provider define belong to cluster module, provider name: standalone
[2021-05-08 14:34:26.858+0800][INFO ][main][oap][instanceName] - Get a module define from application.yml, module name: core
[2021-05-08 14:34:26.859+0800][INFO ][main][oap][instanceName] - Get a provider define belong to core module, provider name: default
[2021-05-08 14:34:26.860+0800][INFO ][main][oap][instanceName] - Provider=default config=role has been set as Mixed
[2021-05-08 14:34:26.860+0800][INFO ][main][oap][instanceName] - Provider=default config=restHost has been set as 0.0.0.0
[2021-05-08 14:34:26.860+0800][INFO ][main][oap][instanceName] - Provider=default config=restPort has been set as 12800
[2021-05-08 14:34:26.860+0800][INFO ][main][oap][instanceName] - Provider=default config=restContextPath has been set as /
[2021-05-08 14:34:26.861+0800][INFO ][main][oap][instanceName] - Provider=default config=restMinThreads has been set as 1
[2021-05-08 14:34:26.861+0800][INFO ][main][oap][instanceName] - Provider=default config=restMaxThreads has been set as 200
[2021-05-08 14:34:26.861+0800][INFO ][main][oap][instanceName] - Provider=default config=restIdleTimeOut has been set as 30000
[2021-05-08 14:34:26.861+0800][INFO ][main][oap][instanceName] - Provider=default config=restAcceptorPriorityDelta has been set as 0
[2021-05-08 14:34:26.862+0800][INFO ][main][oap][instanceName] - Provider=default config=restAcceptQueueSize has been set as 0
[2021-05-08 14:34:26.862+0800][INFO ][main][oap][instanceName] - Provider=default config=gRPCHost has been set as 0.0.0.0
[2021-05-08 14:34:26.862+0800][INFO ][main][oap][instanceName] - Provider=default config=gRPCPort has been set as 11800
[2021-05-08 14:34:26.862+0800][INFO ][main][oap][instanceName] - Provider=default config=gRPCSslEnabled has been set as false
[2021-05-08 14:34:26.862+0800][INFO ][main][oap][instanceName] - Provider=default config=gRPCSslKeyPath has been set as 
[2021-05-08 14:34:26.863+0800][INFO ][main][oap][instanceName] - Provider=default config=gRPCSslCertChainPath has been set as 
[2021-05-08 14:34:26.863+0800][INFO ][main][oap][instanceName] - Provider=default config=gRPCSslTrustedCAPath has been set as 
[2021-05-08 14:34:26.864+0800][INFO ][main][oap][instanceName] - Provider=default config=downsampling has been set as [Hour, Day]
[2021-05-08 14:34:26.864+0800][INFO ][main][oap][instanceName] - Provider=default config=enableDataKeeperExecutor has been set as true
[2021-05-08 14:34:26.864+0800][INFO ][main][oap][instanceName] - Provider=default config=dataKeeperExecutePeriod has been set as 5
[2021-05-08 14:34:26.865+0800][INFO ][main][oap][instanceName] - Provider=default config=recordDataTTL has been set as 3
[2021-05-08 14:34:26.865+0800][INFO ][main][oap][instanceName] - Provider=default config=metricsDataTTL has been set as 7
[2021-05-08 14:34:26.865+0800][INFO ][main][oap][instanceName] - Provider=default config=enableDatabaseSession has been set as true
[2021-05-08 14:34:26.865+0800][INFO ][main][oap][instanceName] - Provider=default config=topNReportPeriod has been set as 10
[2021-05-08 14:34:26.865+0800][INFO ][main][oap][instanceName] - Provider=default config=activeExtraModelColumns has been set as false
[2021-05-08 14:34:26.866+0800][INFO ][main][oap][instanceName] - Provider=default config=serviceNameMaxLength has been set as 70
[2021-05-08 14:34:26.866+0800][INFO ][main][oap][instanceName] - Provider=default config=instanceNameMaxLength has been set as 70
[2021-05-08 14:34:26.866+0800][INFO ][main][oap][instanceName] - Provider=default config=endpointNameMaxLength has been set as 150
[2021-05-08 14:34:26.866+0800][INFO ][main][oap][instanceName] - Provider=default config=serializeAggregate has been set as false
[2021-05-08 14:34:26.866+0800][INFO ][main][oap][instanceName] - Provider=default config=parallelThreadNum has been set as 4
[2021-05-08 14:34:26.867+0800][INFO ][main][oap][instanceName] - Get a module define from application.yml, module name: storage
[2021-05-08 14:34:26.867+0800][INFO ][main][oap][instanceName] - Get a provider define belong to storage module, provider name: mysql
[2021-05-08 14:34:26.868+0800][INFO ][main][oap][instanceName] - Provider=mysql config=jdbcUrl has been set as jdbc:mysql://localhost:3306/swtest
[2021-05-08 14:34:26.868+0800][INFO ][main][oap][instanceName] - Provider=mysql config=dataSource.user has been set as root
[2021-05-08 14:34:26.868+0800][INFO ][main][oap][instanceName] - Provider=mysql config=dataSource.password has been set as root
[2021-05-08 14:34:26.868+0800][INFO ][main][oap][instanceName] - Provider=mysql config=dataSource.cachePrepStmts has been set as true
[2021-05-08 14:34:26.869+0800][INFO ][main][oap][instanceName] - Provider=mysql config=dataSource.prepStmtCacheSize has been set as 250
[2021-05-08 14:34:26.869+0800][INFO ][main][oap][instanceName] - Provider=mysql config=dataSource.prepStmtCacheSqlLimit has been set as 2048
[2021-05-08 14:34:26.869+0800][INFO ][main][oap][instanceName] - Provider=mysql config=dataSource.useServerPrepStmts has been set as true
[2021-05-08 14:34:26.869+0800][INFO ][main][oap][instanceName] - Provider=mysql config=metadataQueryMaxSize has been set as 5000
[2021-05-08 14:34:26.869+0800][INFO ][main][oap][instanceName] - Get a module define from application.yml, module name: agent-analyzer
[2021-05-08 14:34:26.869+0800][INFO ][main][oap][instanceName] - Get a provider define belong to agent-analyzer module, provider name: default
[2021-05-08 14:34:26.870+0800][INFO ][main][oap][instanceName] - Provider=default config=sampleRate has been set as 10000
[2021-05-08 14:34:26.870+0800][INFO ][main][oap][instanceName] - Provider=default config=slowDBAccessThreshold has been set as default:200,mongodb:100
[2021-05-08 14:34:26.870+0800][INFO ][main][oap][instanceName] - Get a module define from application.yml, module name: redis
[2021-05-08 14:34:26.870+0800][INFO ][main][oap][instanceName] - Get a provider define belong to redis module, provider name: default
[2021-05-08 14:34:26.870+0800][INFO ][main][oap][instanceName] - Provider=default config=node has been set as redis://127.0.0.1:6379
[2021-05-08 14:34:26.870+0800][INFO ][main][oap][instanceName] - Provider=default config=timeout has been set as 10000
[2021-05-08 14:34:26.870+0800][INFO ][main][oap][instanceName] - Provider=default config=database has been set as 0
[2021-05-08 14:34:26.871+0800][INFO ][main][oap][instanceName] - Provider=default config=maxActive has been set as 200
[2021-05-08 14:34:26.871+0800][INFO ][main][oap][instanceName] - Provider=default config=maxWait has been set as 10000
[2021-05-08 14:34:26.871+0800][INFO ][main][oap][instanceName] - Provider=default config=maxIdle has been set as 10
[2021-05-08 14:34:26.871+0800][INFO ][main][oap][instanceName] - Provider=default config=minIdle has been set as 5
[2021-05-08 14:34:26.871+0800][INFO ][main][oap][instanceName] - Get a module define from application.yml, module name: receiver-sharing-server
[2021-05-08 14:34:26.871+0800][INFO ][main][oap][instanceName] - Get a provider define belong to receiver-sharing-server module, provider name: default
[2021-05-08 14:34:26.872+0800][INFO ][main][oap][instanceName] - Provider=default config=host has been set as 0.0.0.0
[2021-05-08 14:34:26.872+0800][INFO ][main][oap][instanceName] - Provider=default config=contextPath has been set as /
[2021-05-08 14:34:26.872+0800][INFO ][main][oap][instanceName] - Provider=default config=authentication has been set as 
[2021-05-08 14:34:26.872+0800][INFO ][main][oap][instanceName] - Provider=default config=jettyMinThreads has been set as 1
[2021-05-08 14:34:26.872+0800][INFO ][main][oap][instanceName] - Provider=default config=jettyMaxThreads has been set as 200
[2021-05-08 14:34:26.873+0800][INFO ][main][oap][instanceName] - Provider=default config=jettyIdleTimeOut has been set as 30000
[2021-05-08 14:34:26.873+0800][INFO ][main][oap][instanceName] - Provider=default config=jettyAcceptorPriorityDelta has been set as 0
[2021-05-08 14:34:26.873+0800][INFO ][main][oap][instanceName] - Provider=default config=jettyAcceptQueueSize has been set as 0
[2021-05-08 14:34:26.873+0800][INFO ][main][oap][instanceName] - Get a module define from application.yml, module name: receiver-register
[2021-05-08 14:34:26.873+0800][INFO ][main][oap][instanceName] - Get a provider define belong to receiver-register module, provider name: default
[2021-05-08 14:34:26.874+0800][INFO ][main][oap][instanceName] - Get a module define from application.yml, module name: receiver-trace
[2021-05-08 14:34:26.874+0800][INFO ][main][oap][instanceName] - Get a provider define belong to receiver-trace module, provider name: default
[2021-05-08 14:34:26.874+0800][INFO ][main][oap][instanceName] - Get a module define from application.yml, module name: receiver-jvm
[2021-05-08 14:34:26.874+0800][INFO ][main][oap][instanceName] - Get a provider define belong to receiver-jvm module, provider name: default
[2021-05-08 14:34:26.874+0800][INFO ][main][oap][instanceName] - Get a module define from application.yml, module name: receiver-clr
[2021-05-08 14:34:26.874+0800][INFO ][main][oap][instanceName] - Get a provider define belong to receiver-clr module, provider name: default
[2021-05-08 14:34:26.874+0800][INFO ][main][oap][instanceName] - Get a module define from application.yml, module name: receiver-profile
[2021-05-08 14:34:26.874+0800][INFO ][main][oap][instanceName] - Get a provider define belong to receiver-profile module, provider name: default
[2021-05-08 14:34:26.874+0800][INFO ][main][oap][instanceName] - Get a module define from application.yml, module name: service-mesh
[2021-05-08 14:34:26.874+0800][INFO ][main][oap][instanceName] - Get a provider define belong to service-mesh module, provider name: default
[2021-05-08 14:34:26.874+0800][INFO ][main][oap][instanceName] - Get a module define from application.yml, module name: istio-telemetry
[2021-05-08 14:34:26.874+0800][INFO ][main][oap][instanceName] - Get a provider define belong to istio-telemetry module, provider name: default
[2021-05-08 14:34:26.874+0800][INFO ][main][oap][instanceName] - Get a module define from application.yml, module name: envoy-metric
[2021-05-08 14:34:26.874+0800][INFO ][main][oap][instanceName] - Get a provider define belong to envoy-metric module, provider name: default
[2021-05-08 14:34:26.875+0800][INFO ][main][oap][instanceName] - Provider=default config=acceptMetricsService has been set as true
[2021-05-08 14:34:26.875+0800][INFO ][main][oap][instanceName] - Provider=default config=alsHTTPAnalysis has been set as 
[2021-05-08 14:34:26.875+0800][INFO ][main][oap][instanceName] - Get a module define from application.yml, module name: prometheus-fetcher
[2021-05-08 14:34:26.875+0800][INFO ][main][oap][instanceName] - Get a provider define belong to prometheus-fetcher module, provider name: default
[2021-05-08 14:34:26.875+0800][INFO ][main][oap][instanceName] - Provider=default config=active has been set as false
[2021-05-08 14:34:26.875+0800][INFO ][main][oap][instanceName] - Get a module define from application.yml, module name: kafka-fetcher
[2021-05-08 14:34:26.876+0800][INFO ][main][oap][instanceName] - Get a provider define belong to kafka-fetcher module, provider name: default
[2021-05-08 14:34:26.876+0800][INFO ][main][oap][instanceName] - Provider=default config=bootstrapServers has been set as localhost:9092
[2021-05-08 14:34:26.876+0800][INFO ][main][oap][instanceName] - Provider=default config=partitions has been set as 3
[2021-05-08 14:34:26.876+0800][INFO ][main][oap][instanceName] - Provider=default config=replicationFactor has been set as 1
[2021-05-08 14:34:26.877+0800][INFO ][main][oap][instanceName] - Provider=default config=enableMeterSystem has been set as false
[2021-05-08 14:34:26.877+0800][INFO ][main][oap][instanceName] - Provider=default config=isSharding has been set as false
[2021-05-08 14:34:26.877+0800][INFO ][main][oap][instanceName] - Provider=default config=consumePartitions has been set as 
[2021-05-08 14:34:26.877+0800][INFO ][main][oap][instanceName] - Provider=default config=safeOffset has been set as 1000
[2021-05-08 14:34:26.877+0800][INFO ][main][oap][instanceName] - Provider=default config=groupId has been set as skywalking-consumer-op
[2021-05-08 14:34:26.878+0800][INFO ][main][oap][instanceName] - Provider=default config=topicNameOfTracingSegments has been set as skywalking-segments-op
[2021-05-08 14:34:26.878+0800][INFO ][main][oap][instanceName] - Get a module define from application.yml, module name: receiver-connection-pool
[2021-05-08 14:34:26.878+0800][INFO ][main][oap][instanceName] - Get a provider define belong to receiver-connection-pool module, provider name: default
[2021-05-08 14:34:26.878+0800][INFO ][main][oap][instanceName] - Get a module define from application.yml, module name: receiver-server-monitor
[2021-05-08 14:34:26.878+0800][INFO ][main][oap][instanceName] - Get a provider define belong to receiver-server-monitor module, provider name: default
[2021-05-08 14:34:26.878+0800][INFO ][main][oap][instanceName] - Get a module define from application.yml, module name: query
[2021-05-08 14:34:26.878+0800][INFO ][main][oap][instanceName] - Get a provider define belong to query module, provider name: graphql
[2021-05-08 14:34:26.879+0800][INFO ][main][oap][instanceName] - Provider=graphql config=path has been set as /graphql
[2021-05-08 14:34:26.879+0800][INFO ][main][oap][instanceName] - Provider=graphql config=aliveTime has been set as 2
[2021-05-08 14:34:26.879+0800][INFO ][main][oap][instanceName] - Get a module define from application.yml, module name: alarm
[2021-05-08 14:34:26.879+0800][INFO ][main][oap][instanceName] - Get a provider define belong to alarm module, provider name: default
[2021-05-08 14:34:26.879+0800][INFO ][main][oap][instanceName] - Get a module define from application.yml, module name: telemetry
[2021-05-08 14:34:26.879+0800][INFO ][main][oap][instanceName] - Get a provider define belong to telemetry module, provider name: none
[2021-05-08 14:34:26.879+0800][INFO ][main][oap][instanceName] - Get a module define from application.yml, module name: configuration
[2021-05-08 14:34:26.879+0800][INFO ][main][oap][instanceName] - Get a provider define belong to configuration module, provider name: zookeeper
[2021-05-08 14:34:26.880+0800][INFO ][main][oap][instanceName] - Provider=zookeeper config=period has been set as 60
[2021-05-08 14:34:26.880+0800][INFO ][main][oap][instanceName] - Provider=zookeeper config=nameSpace has been set as /default
[2021-05-08 14:34:26.880+0800][INFO ][main][oap][instanceName] - Provider=zookeeper config=hostPort has been set as localhost:2181
[2021-05-08 14:34:26.880+0800][INFO ][main][oap][instanceName] - Provider=zookeeper config=baseSleepTimeMs has been set as 1000
[2021-05-08 14:34:26.880+0800][INFO ][main][oap][instanceName] - Provider=zookeeper config=maxRetries has been set as 3
[2021-05-08 17:46:26.865+0800][INFO ][main][oap][instanceName] - Remove module redis-cluster without any provider
[2021-05-08 17:46:26.871+0800][INFO ][main][oap][instanceName] - Remove module receiver-meter without any provider
[2021-05-08 17:46:26.871+0800][INFO ][main][oap][instanceName] - Remove module receiver-oc without any provider
[2021-05-08 17:46:26.871+0800][INFO ][main][oap][instanceName] - Remove module receiver_zipkin without any provider
[2021-05-08 17:46:26.871+0800][INFO ][main][oap][instanceName] - Remove module receiver_jaeger without any provider
[2021-05-08 17:46:26.871+0800][INFO ][main][oap][instanceName] - Remove module exporter without any provider
[2021-05-08 17:46:26.872+0800][INFO ][main][oap][instanceName] - Remove module health-checker without any provider
[2021-05-08 17:46:26.873+0800][INFO ][main][oap][instanceName] - Get a module define from application.yml, module name: cluster
[2021-05-08 17:46:26.875+0800][INFO ][main][oap][instanceName] - Get a provider define belong to cluster module, provider name: standalone
[2021-05-08 17:46:26.876+0800][INFO ][main][oap][instanceName] - Get a module define from application.yml, module name: core
[2021-05-08 17:46:26.876+0800][INFO ][main][oap][instanceName] - Get a provider define belong to core module, provider name: default
[2021-05-08 17:46:26.877+0800][INFO ][main][oap][instanceName] - Provider=default config=role has been set as Mixed
[2021-05-08 17:46:26.878+0800][INFO ][main][oap][instanceName] - Provider=default config=restHost has been set as 0.0.0.0
[2021-05-08 17:46:26.878+0800][INFO ][main][oap][instanceName] - Provider=default config=restPort has been set as 12800
[2021-05-08 17:46:26.878+0800][INFO ][main][oap][instanceName] - Provider=default config=restContextPath has been set as /
[2021-05-08 17:46:26.879+0800][INFO ][main][oap][instanceName] - Provider=default config=restMinThreads has been set as 1
[2021-05-08 17:46:26.879+0800][INFO ][main][oap][instanceName] - Provider=default config=restMaxThreads has been set as 200
[2021-05-08 17:46:26.879+0800][INFO ][main][oap][instanceName] - Provider=default config=restIdleTimeOut has been set as 30000
[2021-05-08 17:46:26.880+0800][INFO ][main][oap][instanceName] - Provider=default config=restAcceptorPriorityDelta has been set as 0
[2021-05-08 17:46:26.880+0800][INFO ][main][oap][instanceName] - Provider=default config=restAcceptQueueSize has been set as 0
[2021-05-08 17:46:26.880+0800][INFO ][main][oap][instanceName] - Provider=default config=gRPCHost has been set as 0.0.0.0
[2021-05-08 17:46:26.880+0800][INFO ][main][oap][instanceName] - Provider=default config=gRPCPort has been set as 11800
[2021-05-08 17:46:26.881+0800][INFO ][main][oap][instanceName] - Provider=default config=gRPCSslEnabled has been set as false
[2021-05-08 17:46:26.881+0800][INFO ][main][oap][instanceName] - Provider=default config=gRPCSslKeyPath has been set as 
[2021-05-08 17:46:26.881+0800][INFO ][main][oap][instanceName] - Provider=default config=gRPCSslCertChainPath has been set as 
[2021-05-08 17:46:26.881+0800][INFO ][main][oap][instanceName] - Provider=default config=gRPCSslTrustedCAPath has been set as 
[2021-05-08 17:46:26.883+0800][INFO ][main][oap][instanceName] - Provider=default config=downsampling has been set as [Hour, Day]
[2021-05-08 17:46:26.883+0800][INFO ][main][oap][instanceName] - Provider=default config=enableDataKeeperExecutor has been set as true
[2021-05-08 17:46:26.883+0800][INFO ][main][oap][instanceName] - Provider=default config=dataKeeperExecutePeriod has been set as 5
[2021-05-08 17:46:26.883+0800][INFO ][main][oap][instanceName] - Provider=default config=recordDataTTL has been set as 3
[2021-05-08 17:46:26.884+0800][INFO ][main][oap][instanceName] - Provider=default config=metricsDataTTL has been set as 7
[2021-05-08 17:46:26.884+0800][INFO ][main][oap][instanceName] - Provider=default config=enableDatabaseSession has been set as true
[2021-05-08 17:46:26.884+0800][INFO ][main][oap][instanceName] - Provider=default config=topNReportPeriod has been set as 10
[2021-05-08 17:46:26.884+0800][INFO ][main][oap][instanceName] - Provider=default config=activeExtraModelColumns has been set as false
[2021-05-08 17:46:26.885+0800][INFO ][main][oap][instanceName] - Provider=default config=serviceNameMaxLength has been set as 70
[2021-05-08 17:46:26.885+0800][INFO ][main][oap][instanceName] - Provider=default config=instanceNameMaxLength has been set as 70
[2021-05-08 17:46:26.885+0800][INFO ][main][oap][instanceName] - Provider=default config=endpointNameMaxLength has been set as 150
[2021-05-08 17:46:26.885+0800][INFO ][main][oap][instanceName] - Provider=default config=serializeAggregate has been set as false
[2021-05-08 17:46:26.886+0800][INFO ][main][oap][instanceName] - Provider=default config=parallelThreadNum has been set as 4
[2021-05-08 17:46:26.886+0800][INFO ][main][oap][instanceName] - Get a module define from application.yml, module name: storage
[2021-05-08 17:46:26.886+0800][INFO ][main][oap][instanceName] - Get a provider define belong to storage module, provider name: mysql
[2021-05-08 17:46:26.886+0800][INFO ][main][oap][instanceName] - Provider=mysql config=jdbcUrl has been set as jdbc:mysql://localhost:3306/swtest
[2021-05-08 17:46:26.887+0800][INFO ][main][oap][instanceName] - Provider=mysql config=dataSource.user has been set as root
[2021-05-08 17:46:26.887+0800][INFO ][main][oap][instanceName] - Provider=mysql config=dataSource.password has been set as root
[2021-05-08 17:46:26.887+0800][INFO ][main][oap][instanceName] - Provider=mysql config=dataSource.cachePrepStmts has been set as true
[2021-05-08 17:46:26.887+0800][INFO ][main][oap][instanceName] - Provider=mysql config=dataSource.prepStmtCacheSize has been set as 250
[2021-05-08 17:46:26.887+0800][INFO ][main][oap][instanceName] - Provider=mysql config=dataSource.prepStmtCacheSqlLimit has been set as 2048
[2021-05-08 17:46:26.888+0800][INFO ][main][oap][instanceName] - Provider=mysql config=dataSource.useServerPrepStmts has been set as true
[2021-05-08 17:46:26.888+0800][INFO ][main][oap][instanceName] - Provider=mysql config=metadataQueryMaxSize has been set as 5000
[2021-05-08 17:46:26.888+0800][INFO ][main][oap][instanceName] - Get a module define from application.yml, module name: agent-analyzer
[2021-05-08 17:46:26.888+0800][INFO ][main][oap][instanceName] - Get a provider define belong to agent-analyzer module, provider name: default
[2021-05-08 17:46:26.888+0800][INFO ][main][oap][instanceName] - Provider=default config=sampleRate has been set as 10000
[2021-05-08 17:46:26.889+0800][INFO ][main][oap][instanceName] - Provider=default config=slowDBAccessThreshold has been set as default:200,mongodb:100
[2021-05-08 17:46:26.889+0800][INFO ][main][oap][instanceName] - Get a module define from application.yml, module name: redis
[2021-05-08 17:46:26.889+0800][INFO ][main][oap][instanceName] - Get a provider define belong to redis module, provider name: default
[2021-05-08 17:46:26.889+0800][INFO ][main][oap][instanceName] - Provider=default config=node has been set as redis://127.0.0.1:6379
[2021-05-08 17:46:26.891+0800][INFO ][main][oap][instanceName] - Provider=default config=timeout has been set as 10000
[2021-05-08 17:46:26.891+0800][INFO ][main][oap][instanceName] - Provider=default config=database has been set as 0
[2021-05-08 17:46:26.892+0800][INFO ][main][oap][instanceName] - Provider=default config=maxActive has been set as 200
[2021-05-08 17:46:26.892+0800][INFO ][main][oap][instanceName] - Provider=default config=maxWait has been set as 10000
[2021-05-08 17:46:26.892+0800][INFO ][main][oap][instanceName] - Provider=default config=maxIdle has been set as 10
[2021-05-08 17:46:26.893+0800][INFO ][main][oap][instanceName] - Provider=default config=minIdle has been set as 5
[2021-05-08 17:46:26.893+0800][INFO ][main][oap][instanceName] - Get a module define from application.yml, module name: receiver-sharing-server
[2021-05-08 17:46:26.893+0800][INFO ][main][oap][instanceName] - Get a provider define belong to receiver-sharing-server module, provider name: default
[2021-05-08 17:46:26.893+0800][INFO ][main][oap][instanceName] - Provider=default config=host has been set as 0.0.0.0
[2021-05-08 17:46:26.894+0800][INFO ][main][oap][instanceName] - Provider=default config=contextPath has been set as /
[2021-05-08 17:46:26.894+0800][INFO ][main][oap][instanceName] - Provider=default config=authentication has been set as 
[2021-05-08 17:46:26.894+0800][INFO ][main][oap][instanceName] - Provider=default config=jettyMinThreads has been set as 1
[2021-05-08 17:46:26.895+0800][INFO ][main][oap][instanceName] - Provider=default config=jettyMaxThreads has been set as 200
[2021-05-08 17:46:26.895+0800][INFO ][main][oap][instanceName] - Provider=default config=jettyIdleTimeOut has been set as 30000
[2021-05-08 17:46:26.895+0800][INFO ][main][oap][instanceName] - Provider=default config=jettyAcceptorPriorityDelta has been set as 0
[2021-05-08 17:46:26.896+0800][INFO ][main][oap][instanceName] - Provider=default config=jettyAcceptQueueSize has been set as 0
[2021-05-08 17:46:26.896+0800][INFO ][main][oap][instanceName] - Get a module define from application.yml, module name: receiver-register
[2021-05-08 17:46:26.896+0800][INFO ][main][oap][instanceName] - Get a provider define belong to receiver-register module, provider name: default
[2021-05-08 17:46:26.896+0800][INFO ][main][oap][instanceName] - Get a module define from application.yml, module name: receiver-trace
[2021-05-08 17:46:26.896+0800][INFO ][main][oap][instanceName] - Get a provider define belong to receiver-trace module, provider name: default
[2021-05-08 17:46:26.896+0800][INFO ][main][oap][instanceName] - Get a module define from application.yml, module name: receiver-jvm
[2021-05-08 17:46:26.896+0800][INFO ][main][oap][instanceName] - Get a provider define belong to receiver-jvm module, provider name: default
[2021-05-08 17:46:26.897+0800][INFO ][main][oap][instanceName] - Get a module define from application.yml, module name: receiver-clr
[2021-05-08 17:46:26.897+0800][INFO ][main][oap][instanceName] - Get a provider define belong to receiver-clr module, provider name: default
[2021-05-08 17:46:26.897+0800][INFO ][main][oap][instanceName] - Get a module define from application.yml, module name: receiver-profile
[2021-05-08 17:46:26.897+0800][INFO ][main][oap][instanceName] - Get a provider define belong to receiver-profile module, provider name: default
[2021-05-08 17:46:26.897+0800][INFO ][main][oap][instanceName] - Get a module define from application.yml, module name: service-mesh
[2021-05-08 17:46:26.897+0800][INFO ][main][oap][instanceName] - Get a provider define belong to service-mesh module, provider name: default
[2021-05-08 17:46:26.897+0800][INFO ][main][oap][instanceName] - Get a module define from application.yml, module name: istio-telemetry
[2021-05-08 17:46:26.898+0800][INFO ][main][oap][instanceName] - Get a provider define belong to istio-telemetry module, provider name: default
[2021-05-08 17:46:26.898+0800][INFO ][main][oap][instanceName] - Get a module define from application.yml, module name: envoy-metric
[2021-05-08 17:46:26.898+0800][INFO ][main][oap][instanceName] - Get a provider define belong to envoy-metric module, provider name: default
[2021-05-08 17:46:26.898+0800][INFO ][main][oap][instanceName] - Provider=default config=acceptMetricsService has been set as true
[2021-05-08 17:46:26.898+0800][INFO ][main][oap][instanceName] - Provider=default config=alsHTTPAnalysis has been set as 
[2021-05-08 17:46:26.898+0800][INFO ][main][oap][instanceName] - Get a module define from application.yml, module name: prometheus-fetcher
[2021-05-08 17:46:26.898+0800][INFO ][main][oap][instanceName] - Get a provider define belong to prometheus-fetcher module, provider name: default
[2021-05-08 17:46:26.899+0800][INFO ][main][oap][instanceName] - Provider=default config=active has been set as false
[2021-05-08 17:46:26.899+0800][INFO ][main][oap][instanceName] - Get a module define from application.yml, module name: kafka-fetcher
[2021-05-08 17:46:26.899+0800][INFO ][main][oap][instanceName] - Get a provider define belong to kafka-fetcher module, provider name: default
[2021-05-08 17:46:26.899+0800][INFO ][main][oap][instanceName] - Provider=default config=bootstrapServers has been set as localhost:9092
[2021-05-08 17:46:26.900+0800][INFO ][main][oap][instanceName] - Provider=default config=partitions has been set as 3
[2021-05-08 17:46:26.900+0800][INFO ][main][oap][instanceName] - Provider=default config=replicationFactor has been set as 1
[2021-05-08 17:46:26.900+0800][INFO ][main][oap][instanceName] - Provider=default config=enableMeterSystem has been set as false
[2021-05-08 17:46:26.900+0800][INFO ][main][oap][instanceName] - Provider=default config=isSharding has been set as false
[2021-05-08 17:46:26.901+0800][INFO ][main][oap][instanceName] - Provider=default config=consumePartitions has been set as 
[2021-05-08 17:46:26.901+0800][INFO ][main][oap][instanceName] - Provider=default config=safeOffset has been set as 1000
[2021-05-08 17:46:26.901+0800][INFO ][main][oap][instanceName] - Provider=default config=groupId has been set as skywalking-consumer-op
[2021-05-08 17:46:26.902+0800][INFO ][main][oap][instanceName] - Provider=default config=topicNameOfTracingSegments has been set as skywalking-segments-op
[2021-05-08 17:46:26.902+0800][INFO ][main][oap][instanceName] - Get a module define from application.yml, module name: receiver-connection-pool
[2021-05-08 17:46:26.902+0800][INFO ][main][oap][instanceName] - Get a provider define belong to receiver-connection-pool module, provider name: default
[2021-05-08 17:46:26.902+0800][INFO ][main][oap][instanceName] - Get a module define from application.yml, module name: receiver-server-monitor
[2021-05-08 17:46:26.902+0800][INFO ][main][oap][instanceName] - Get a provider define belong to receiver-server-monitor module, provider name: default
[2021-05-08 17:46:26.902+0800][INFO ][main][oap][instanceName] - Get a module define from application.yml, module name: query
[2021-05-08 17:46:26.903+0800][INFO ][main][oap][instanceName] - Get a provider define belong to query module, provider name: graphql
[2021-05-08 17:46:26.903+0800][INFO ][main][oap][instanceName] - Provider=graphql config=path has been set as /graphql
[2021-05-08 17:46:26.903+0800][INFO ][main][oap][instanceName] - Provider=graphql config=aliveTime has been set as 2
[2021-05-08 17:46:26.903+0800][INFO ][main][oap][instanceName] - Get a module define from application.yml, module name: alarm
[2021-05-08 17:46:26.903+0800][INFO ][main][oap][instanceName] - Get a provider define belong to alarm module, provider name: default
[2021-05-08 17:46:26.903+0800][INFO ][main][oap][instanceName] - Get a module define from application.yml, module name: telemetry
[2021-05-08 17:46:26.903+0800][INFO ][main][oap][instanceName] - Get a provider define belong to telemetry module, provider name: none
[2021-05-08 17:46:26.903+0800][INFO ][main][oap][instanceName] - Get a module define from application.yml, module name: configuration
[2021-05-08 17:46:26.903+0800][INFO ][main][oap][instanceName] - Get a provider define belong to configuration module, provider name: zookeeper
[2021-05-08 17:46:26.904+0800][INFO ][main][oap][instanceName] - Provider=zookeeper config=period has been set as 60
[2021-05-08 17:46:26.904+0800][INFO ][main][oap][instanceName] - Provider=zookeeper config=nameSpace has been set as /default
[2021-05-08 17:46:26.904+0800][INFO ][main][oap][instanceName] - Provider=zookeeper config=hostPort has been set as localhost:2181
[2021-05-08 17:46:26.904+0800][INFO ][main][oap][instanceName] - Provider=zookeeper config=baseSleepTimeMs has been set as 1000
[2021-05-08 17:46:26.905+0800][INFO ][main][oap][instanceName] - Provider=zookeeper config=maxRetries has been set as 3
[2021-05-10 17:11:07.461+0800][INFO ][main][oap][instanceName] - Remove module redis-cluster without any provider
[2021-05-10 17:11:07.467+0800][INFO ][main][oap][instanceName] - Remove module receiver-meter without any provider
[2021-05-10 17:11:07.467+0800][INFO ][main][oap][instanceName] - Remove module receiver-oc without any provider
[2021-05-10 17:11:07.468+0800][INFO ][main][oap][instanceName] - Remove module receiver_zipkin without any provider
[2021-05-10 17:11:07.468+0800][INFO ][main][oap][instanceName] - Remove module receiver_jaeger without any provider
[2021-05-10 17:11:07.468+0800][INFO ][main][oap][instanceName] - Remove module exporter without any provider
[2021-05-10 17:11:07.468+0800][INFO ][main][oap][instanceName] - Remove module health-checker without any provider
[2021-05-10 17:11:07.470+0800][INFO ][main][oap][instanceName] - Get a module define from application.yml, module name: cluster
[2021-05-10 17:11:07.472+0800][INFO ][main][oap][instanceName] - Get a provider define belong to cluster module, provider name: standalone
[2021-05-10 17:11:07.473+0800][INFO ][main][oap][instanceName] - Get a module define from application.yml, module name: core
[2021-05-10 17:11:07.473+0800][INFO ][main][oap][instanceName] - Get a provider define belong to core module, provider name: default
[2021-05-10 17:11:07.474+0800][INFO ][main][oap][instanceName] - Provider=default config=role has been set as Mixed
[2021-05-10 17:11:07.474+0800][INFO ][main][oap][instanceName] - Provider=default config=restHost has been set as 0.0.0.0
[2021-05-10 17:11:07.474+0800][INFO ][main][oap][instanceName] - Provider=default config=restPort has been set as 12800
[2021-05-10 17:11:07.475+0800][INFO ][main][oap][instanceName] - Provider=default config=restContextPath has been set as /
[2021-05-10 17:11:07.475+0800][INFO ][main][oap][instanceName] - Provider=default config=restMinThreads has been set as 1
[2021-05-10 17:11:07.475+0800][INFO ][main][oap][instanceName] - Provider=default config=restMaxThreads has been set as 200
[2021-05-10 17:11:07.476+0800][INFO ][main][oap][instanceName] - Provider=default config=restIdleTimeOut has been set as 30000
[2021-05-10 17:11:07.476+0800][INFO ][main][oap][instanceName] - Provider=default config=restAcceptorPriorityDelta has been set as 0
[2021-05-10 17:11:07.476+0800][INFO ][main][oap][instanceName] - Provider=default config=restAcceptQueueSize has been set as 0
[2021-05-10 17:11:07.477+0800][INFO ][main][oap][instanceName] - Provider=default config=gRPCHost has been set as 0.0.0.0
[2021-05-10 17:11:07.477+0800][INFO ][main][oap][instanceName] - Provider=default config=gRPCPort has been set as 11800
[2021-05-10 17:11:07.477+0800][INFO ][main][oap][instanceName] - Provider=default config=gRPCSslEnabled has been set as false
[2021-05-10 17:11:07.478+0800][INFO ][main][oap][instanceName] - Provider=default config=gRPCSslKeyPath has been set as 
[2021-05-10 17:11:07.478+0800][INFO ][main][oap][instanceName] - Provider=default config=gRPCSslCertChainPath has been set as 
[2021-05-10 17:11:07.478+0800][INFO ][main][oap][instanceName] - Provider=default config=gRPCSslTrustedCAPath has been set as 
[2021-05-10 17:11:07.482+0800][INFO ][main][oap][instanceName] - Provider=default config=downsampling has been set as [Hour, Day]
[2021-05-10 17:11:07.482+0800][INFO ][main][oap][instanceName] - Provider=default config=enableDataKeeperExecutor has been set as true
[2021-05-10 17:11:07.482+0800][INFO ][main][oap][instanceName] - Provider=default config=dataKeeperExecutePeriod has been set as 5
[2021-05-10 17:11:07.483+0800][INFO ][main][oap][instanceName] - Provider=default config=recordDataTTL has been set as 3
[2021-05-10 17:11:07.483+0800][INFO ][main][oap][instanceName] - Provider=default config=metricsDataTTL has been set as 7
[2021-05-10 17:11:07.483+0800][INFO ][main][oap][instanceName] - Provider=default config=enableDatabaseSession has been set as true
[2021-05-10 17:11:07.484+0800][INFO ][main][oap][instanceName] - Provider=default config=topNReportPeriod has been set as 10
[2021-05-10 17:11:07.484+0800][INFO ][main][oap][instanceName] - Provider=default config=activeExtraModelColumns has been set as false
[2021-05-10 17:11:07.484+0800][INFO ][main][oap][instanceName] - Provider=default config=serviceNameMaxLength has been set as 70
[2021-05-10 17:11:07.485+0800][INFO ][main][oap][instanceName] - Provider=default config=instanceNameMaxLength has been set as 70
[2021-05-10 17:11:07.485+0800][INFO ][main][oap][instanceName] - Provider=default config=endpointNameMaxLength has been set as 150
[2021-05-10 17:11:07.485+0800][INFO ][main][oap][instanceName] - Provider=default config=serializeAggregate has been set as false
[2021-05-10 17:11:07.485+0800][INFO ][main][oap][instanceName] - Provider=default config=parallelThreadNum has been set as 4
[2021-05-10 17:11:07.485+0800][INFO ][main][oap][instanceName] - Get a module define from application.yml, module name: storage
[2021-05-10 17:11:07.486+0800][INFO ][main][oap][instanceName] - Get a provider define belong to storage module, provider name: mysql
[2021-05-10 17:11:07.486+0800][INFO ][main][oap][instanceName] - Provider=mysql config=jdbcUrl has been set as jdbc:mysql://localhost:3306/swtest
[2021-05-10 17:11:07.487+0800][INFO ][main][oap][instanceName] - Provider=mysql config=dataSource.user has been set as root
[2021-05-10 17:11:07.487+0800][INFO ][main][oap][instanceName] - Provider=mysql config=dataSource.password has been set as root
[2021-05-10 17:11:07.487+0800][INFO ][main][oap][instanceName] - Provider=mysql config=dataSource.cachePrepStmts has been set as true
[2021-05-10 17:11:07.487+0800][INFO ][main][oap][instanceName] - Provider=mysql config=dataSource.prepStmtCacheSize has been set as 250
[2021-05-10 17:11:07.488+0800][INFO ][main][oap][instanceName] - Provider=mysql config=dataSource.prepStmtCacheSqlLimit has been set as 2048
[2021-05-10 17:11:07.488+0800][INFO ][main][oap][instanceName] - Provider=mysql config=dataSource.useServerPrepStmts has been set as true
[2021-05-10 17:11:07.488+0800][INFO ][main][oap][instanceName] - Provider=mysql config=metadataQueryMaxSize has been set as 5000
[2021-05-10 17:11:07.488+0800][INFO ][main][oap][instanceName] - Get a module define from application.yml, module name: agent-analyzer
[2021-05-10 17:11:07.489+0800][INFO ][main][oap][instanceName] - Get a provider define belong to agent-analyzer module, provider name: default
[2021-05-10 17:11:07.489+0800][INFO ][main][oap][instanceName] - Provider=default config=sampleRate has been set as 10000
[2021-05-10 17:11:07.489+0800][INFO ][main][oap][instanceName] - Provider=default config=slowDBAccessThreshold has been set as default:200,mongodb:100
[2021-05-10 17:11:07.489+0800][INFO ][main][oap][instanceName] - Get a module define from application.yml, module name: redis
[2021-05-10 17:11:07.491+0800][INFO ][main][oap][instanceName] - Get a provider define belong to redis module, provider name: default
[2021-05-10 17:11:07.492+0800][INFO ][main][oap][instanceName] - Provider=default config=node has been set as redis://127.0.0.1:6379
[2021-05-10 17:11:07.492+0800][INFO ][main][oap][instanceName] - Provider=default config=timeout has been set as 10000
[2021-05-10 17:11:07.493+0800][INFO ][main][oap][instanceName] - Provider=default config=database has been set as 0
[2021-05-10 17:11:07.493+0800][INFO ][main][oap][instanceName] - Provider=default config=maxActive has been set as 200
[2021-05-10 17:11:07.493+0800][INFO ][main][oap][instanceName] - Provider=default config=maxWait has been set as 10000
[2021-05-10 17:11:07.494+0800][INFO ][main][oap][instanceName] - Provider=default config=maxIdle has been set as 10
[2021-05-10 17:11:07.494+0800][INFO ][main][oap][instanceName] - Provider=default config=minIdle has been set as 5
[2021-05-10 17:11:07.494+0800][INFO ][main][oap][instanceName] - Get a module define from application.yml, module name: receiver-sharing-server
[2021-05-10 17:11:07.494+0800][INFO ][main][oap][instanceName] - Get a provider define belong to receiver-sharing-server module, provider name: default
[2021-05-10 17:11:07.495+0800][INFO ][main][oap][instanceName] - Provider=default config=host has been set as 0.0.0.0
[2021-05-10 17:11:07.495+0800][INFO ][main][oap][instanceName] - Provider=default config=contextPath has been set as /
[2021-05-10 17:11:07.495+0800][INFO ][main][oap][instanceName] - Provider=default config=authentication has been set as 
[2021-05-10 17:11:07.496+0800][INFO ][main][oap][instanceName] - Provider=default config=jettyMinThreads has been set as 1
[2021-05-10 17:11:07.496+0800][INFO ][main][oap][instanceName] - Provider=default config=jettyMaxThreads has been set as 200
[2021-05-10 17:11:07.496+0800][INFO ][main][oap][instanceName] - Provider=default config=jettyIdleTimeOut has been set as 30000
[2021-05-10 17:11:07.497+0800][INFO ][main][oap][instanceName] - Provider=default config=jettyAcceptorPriorityDelta has been set as 0
[2021-05-10 17:11:07.497+0800][INFO ][main][oap][instanceName] - Provider=default config=jettyAcceptQueueSize has been set as 0
[2021-05-10 17:11:07.497+0800][INFO ][main][oap][instanceName] - Get a module define from application.yml, module name: receiver-register
[2021-05-10 17:11:07.497+0800][INFO ][main][oap][instanceName] - Get a provider define belong to receiver-register module, provider name: default
[2021-05-10 17:11:07.497+0800][INFO ][main][oap][instanceName] - Get a module define from application.yml, module name: receiver-trace
[2021-05-10 17:11:07.497+0800][INFO ][main][oap][instanceName] - Get a provider define belong to receiver-trace module, provider name: default
[2021-05-10 17:11:07.498+0800][INFO ][main][oap][instanceName] - Get a module define from application.yml, module name: receiver-jvm
[2021-05-10 17:11:07.498+0800][INFO ][main][oap][instanceName] - Get a provider define belong to receiver-jvm module, provider name: default
[2021-05-10 17:11:07.498+0800][INFO ][main][oap][instanceName] - Get a module define from application.yml, module name: receiver-clr
[2021-05-10 17:11:07.498+0800][INFO ][main][oap][instanceName] - Get a provider define belong to receiver-clr module, provider name: default
[2021-05-10 17:11:07.498+0800][INFO ][main][oap][instanceName] - Get a module define from application.yml, module name: receiver-profile
[2021-05-10 17:11:07.498+0800][INFO ][main][oap][instanceName] - Get a provider define belong to receiver-profile module, provider name: default
[2021-05-10 17:11:07.499+0800][INFO ][main][oap][instanceName] - Get a module define from application.yml, module name: service-mesh
[2021-05-10 17:11:07.499+0800][INFO ][main][oap][instanceName] - Get a provider define belong to service-mesh module, provider name: default
[2021-05-10 17:11:07.499+0800][INFO ][main][oap][instanceName] - Get a module define from application.yml, module name: istio-telemetry
[2021-05-10 17:11:07.499+0800][INFO ][main][oap][instanceName] - Get a provider define belong to istio-telemetry module, provider name: default
[2021-05-10 17:11:07.499+0800][INFO ][main][oap][instanceName] - Get a module define from application.yml, module name: envoy-metric
[2021-05-10 17:11:07.499+0800][INFO ][main][oap][instanceName] - Get a provider define belong to envoy-metric module, provider name: default
[2021-05-10 17:11:07.500+0800][INFO ][main][oap][instanceName] - Provider=default config=acceptMetricsService has been set as true
[2021-05-10 17:11:07.500+0800][INFO ][main][oap][instanceName] - Provider=default config=alsHTTPAnalysis has been set as 
[2021-05-10 17:11:07.500+0800][INFO ][main][oap][instanceName] - Get a module define from application.yml, module name: prometheus-fetcher
[2021-05-10 17:11:07.500+0800][INFO ][main][oap][instanceName] - Get a provider define belong to prometheus-fetcher module, provider name: default
[2021-05-10 17:11:07.500+0800][INFO ][main][oap][instanceName] - Provider=default config=active has been set as false
[2021-05-10 17:11:07.500+0800][INFO ][main][oap][instanceName] - Get a module define from application.yml, module name: kafka-fetcher
[2021-05-10 17:11:07.501+0800][INFO ][main][oap][instanceName] - Get a provider define belong to kafka-fetcher module, provider name: default
[2021-05-10 17:11:07.501+0800][INFO ][main][oap][instanceName] - Provider=default config=bootstrapServers has been set as localhost:9092
[2021-05-10 17:11:07.501+0800][INFO ][main][oap][instanceName] - Provider=default config=partitions has been set as 3
[2021-05-10 17:11:07.502+0800][INFO ][main][oap][instanceName] - Provider=default config=replicationFactor has been set as 1
[2021-05-10 17:11:07.502+0800][INFO ][main][oap][instanceName] - Provider=default config=enableMeterSystem has been set as false
[2021-05-10 17:11:07.502+0800][INFO ][main][oap][instanceName] - Provider=default config=isSharding has been set as false
[2021-05-10 17:11:07.502+0800][INFO ][main][oap][instanceName] - Provider=default config=consumePartitions has been set as 
[2021-05-10 17:11:07.503+0800][INFO ][main][oap][instanceName] - Provider=default config=safeOffset has been set as 1000
[2021-05-10 17:11:07.503+0800][INFO ][main][oap][instanceName] - Provider=default config=groupId has been set as skywalking-consumer-op
[2021-05-10 17:11:07.503+0800][INFO ][main][oap][instanceName] - Provider=default config=topicNameOfTracingSegments has been set as skywalking-segments-op
[2021-05-10 17:11:07.503+0800][INFO ][main][oap][instanceName] - Get a module define from application.yml, module name: receiver-connection-pool
[2021-05-10 17:11:07.504+0800][INFO ][main][oap][instanceName] - Get a provider define belong to receiver-connection-pool module, provider name: default
[2021-05-10 17:11:07.504+0800][INFO ][main][oap][instanceName] - Get a module define from application.yml, module name: receiver-server-monitor
[2021-05-10 17:11:07.504+0800][INFO ][main][oap][instanceName] - Get a provider define belong to receiver-server-monitor module, provider name: default
[2021-05-10 17:11:07.504+0800][INFO ][main][oap][instanceName] - Get a module define from application.yml, module name: query
[2021-05-10 17:11:07.504+0800][INFO ][main][oap][instanceName] - Get a provider define belong to query module, provider name: graphql
[2021-05-10 17:11:07.504+0800][INFO ][main][oap][instanceName] - Provider=graphql config=path has been set as /graphql
[2021-05-10 17:11:07.505+0800][INFO ][main][oap][instanceName] - Provider=graphql config=aliveTime has been set as 2
[2021-05-10 17:11:07.505+0800][INFO ][main][oap][instanceName] - Get a module define from application.yml, module name: alarm
[2021-05-10 17:11:07.505+0800][INFO ][main][oap][instanceName] - Get a provider define belong to alarm module, provider name: default
[2021-05-10 17:11:07.505+0800][INFO ][main][oap][instanceName] - Get a module define from application.yml, module name: telemetry
[2021-05-10 17:11:07.505+0800][INFO ][main][oap][instanceName] - Get a provider define belong to telemetry module, provider name: none
[2021-05-10 17:11:07.505+0800][INFO ][main][oap][instanceName] - Get a module define from application.yml, module name: configuration
[2021-05-10 17:11:07.505+0800][INFO ][main][oap][instanceName] - Get a provider define belong to configuration module, provider name: zookeeper
[2021-05-10 17:11:07.506+0800][INFO ][main][oap][instanceName] - Provider=zookeeper config=period has been set as 60
[2021-05-10 17:11:07.506+0800][INFO ][main][oap][instanceName] - Provider=zookeeper config=nameSpace has been set as /default
[2021-05-10 17:11:07.506+0800][INFO ][main][oap][instanceName] - Provider=zookeeper config=hostPort has been set as localhost:2181
[2021-05-10 17:11:07.507+0800][INFO ][main][oap][instanceName] - Provider=zookeeper config=baseSleepTimeMs has been set as 1000
[2021-05-10 17:11:07.507+0800][INFO ][main][oap][instanceName] - Provider=zookeeper config=maxRetries has been set as 3
[2021-05-10 17:18:22.087+0800][INFO ][main][oap][instanceName] - Remove module redis-cluster without any provider
[2021-05-10 17:18:22.093+0800][INFO ][main][oap][instanceName] - Remove module receiver-meter without any provider
[2021-05-10 17:18:22.093+0800][INFO ][main][oap][instanceName] - Remove module receiver-oc without any provider
[2021-05-10 17:18:22.093+0800][INFO ][main][oap][instanceName] - Remove module receiver_zipkin without any provider
[2021-05-10 17:18:22.093+0800][INFO ][main][oap][instanceName] - Remove module receiver_jaeger without any provider
[2021-05-10 17:18:22.093+0800][INFO ][main][oap][instanceName] - Remove module exporter without any provider
[2021-05-10 17:18:22.094+0800][INFO ][main][oap][instanceName] - Remove module health-checker without any provider
[2021-05-10 17:18:22.095+0800][INFO ][main][oap][instanceName] - Get a module define from application.yml, module name: cluster
[2021-05-10 17:18:22.097+0800][INFO ][main][oap][instanceName] - Get a provider define belong to cluster module, provider name: standalone
[2021-05-10 17:18:22.098+0800][INFO ][main][oap][instanceName] - Get a module define from application.yml, module name: core
[2021-05-10 17:18:22.098+0800][INFO ][main][oap][instanceName] - Get a provider define belong to core module, provider name: default
[2021-05-10 17:18:22.099+0800][INFO ][main][oap][instanceName] - Provider=default config=role has been set as Mixed
[2021-05-10 17:18:22.099+0800][INFO ][main][oap][instanceName] - Provider=default config=restHost has been set as 0.0.0.0
[2021-05-10 17:18:22.100+0800][INFO ][main][oap][instanceName] - Provider=default config=restPort has been set as 12800
[2021-05-10 17:18:22.100+0800][INFO ][main][oap][instanceName] - Provider=default config=restContextPath has been set as /
[2021-05-10 17:18:22.100+0800][INFO ][main][oap][instanceName] - Provider=default config=restMinThreads has been set as 1
[2021-05-10 17:18:22.101+0800][INFO ][main][oap][instanceName] - Provider=default config=restMaxThreads has been set as 200
[2021-05-10 17:18:22.101+0800][INFO ][main][oap][instanceName] - Provider=default config=restIdleTimeOut has been set as 30000
[2021-05-10 17:18:22.101+0800][INFO ][main][oap][instanceName] - Provider=default config=restAcceptorPriorityDelta has been set as 0
[2021-05-10 17:18:22.102+0800][INFO ][main][oap][instanceName] - Provider=default config=restAcceptQueueSize has been set as 0
[2021-05-10 17:18:22.102+0800][INFO ][main][oap][instanceName] - Provider=default config=gRPCHost has been set as 0.0.0.0
[2021-05-10 17:18:22.102+0800][INFO ][main][oap][instanceName] - Provider=default config=gRPCPort has been set as 11800
[2021-05-10 17:18:22.103+0800][INFO ][main][oap][instanceName] - Provider=default config=gRPCSslEnabled has been set as false
[2021-05-10 17:18:22.103+0800][INFO ][main][oap][instanceName] - Provider=default config=gRPCSslKeyPath has been set as 
[2021-05-10 17:18:22.103+0800][INFO ][main][oap][instanceName] - Provider=default config=gRPCSslCertChainPath has been set as 
[2021-05-10 17:18:22.103+0800][INFO ][main][oap][instanceName] - Provider=default config=gRPCSslTrustedCAPath has been set as 
[2021-05-10 17:18:22.105+0800][INFO ][main][oap][instanceName] - Provider=default config=downsampling has been set as [Hour, Day]
[2021-05-10 17:18:22.105+0800][INFO ][main][oap][instanceName] - Provider=default config=enableDataKeeperExecutor has been set as true
[2021-05-10 17:18:22.106+0800][INFO ][main][oap][instanceName] - Provider=default config=dataKeeperExecutePeriod has been set as 5
[2021-05-10 17:18:22.106+0800][INFO ][main][oap][instanceName] - Provider=default config=recordDataTTL has been set as 3
[2021-05-10 17:18:22.106+0800][INFO ][main][oap][instanceName] - Provider=default config=metricsDataTTL has been set as 7
[2021-05-10 17:18:22.107+0800][INFO ][main][oap][instanceName] - Provider=default config=enableDatabaseSession has been set as true
[2021-05-10 17:18:22.107+0800][INFO ][main][oap][instanceName] - Provider=default config=topNReportPeriod has been set as 10
[2021-05-10 17:18:22.107+0800][INFO ][main][oap][instanceName] - Provider=default config=activeExtraModelColumns has been set as false
[2021-05-10 17:18:22.107+0800][INFO ][main][oap][instanceName] - Provider=default config=serviceNameMaxLength has been set as 70
[2021-05-10 17:18:22.108+0800][INFO ][main][oap][instanceName] - Provider=default config=instanceNameMaxLength has been set as 70
[2021-05-10 17:18:22.108+0800][INFO ][main][oap][instanceName] - Provider=default config=endpointNameMaxLength has been set as 150
[2021-05-10 17:18:22.108+0800][INFO ][main][oap][instanceName] - Provider=default config=serializeAggregate has been set as false
[2021-05-10 17:18:22.108+0800][INFO ][main][oap][instanceName] - Provider=default config=parallelThreadNum has been set as 4
[2021-05-10 17:18:22.108+0800][INFO ][main][oap][instanceName] - Get a module define from application.yml, module name: storage
[2021-05-10 17:18:22.109+0800][INFO ][main][oap][instanceName] - Get a provider define belong to storage module, provider name: mysql
[2021-05-10 17:18:22.109+0800][INFO ][main][oap][instanceName] - Provider=mysql config=jdbcUrl has been set as jdbc:mysql://localhost:3306/swtest
[2021-05-10 17:18:22.109+0800][INFO ][main][oap][instanceName] - Provider=mysql config=dataSource.user has been set as root
[2021-05-10 17:18:22.110+0800][INFO ][main][oap][instanceName] - Provider=mysql config=dataSource.password has been set as root
[2021-05-10 17:18:22.110+0800][INFO ][main][oap][instanceName] - Provider=mysql config=dataSource.cachePrepStmts has been set as true
[2021-05-10 17:18:22.110+0800][INFO ][main][oap][instanceName] - Provider=mysql config=dataSource.prepStmtCacheSize has been set as 250
[2021-05-10 17:18:22.110+0800][INFO ][main][oap][instanceName] - Provider=mysql config=dataSource.prepStmtCacheSqlLimit has been set as 2048
[2021-05-10 17:18:22.110+0800][INFO ][main][oap][instanceName] - Provider=mysql config=dataSource.useServerPrepStmts has been set as true
[2021-05-10 17:18:22.111+0800][INFO ][main][oap][instanceName] - Provider=mysql config=metadataQueryMaxSize has been set as 5000
[2021-05-10 17:18:22.111+0800][INFO ][main][oap][instanceName] - Get a module define from application.yml, module name: agent-analyzer
[2021-05-10 17:18:22.111+0800][INFO ][main][oap][instanceName] - Get a provider define belong to agent-analyzer module, provider name: default
[2021-05-10 17:18:22.112+0800][INFO ][main][oap][instanceName] - Provider=default config=sampleRate has been set as 10000
[2021-05-10 17:18:22.112+0800][INFO ][main][oap][instanceName] - Provider=default config=slowDBAccessThreshold has been set as default:200,mongodb:100
[2021-05-10 17:18:22.112+0800][INFO ][main][oap][instanceName] - Get a module define from application.yml, module name: redis
[2021-05-10 17:18:22.114+0800][INFO ][main][oap][instanceName] - Get a provider define belong to redis module, provider name: default
[2021-05-10 17:18:22.115+0800][INFO ][main][oap][instanceName] - Provider=default config=node has been set as redis://127.0.0.1:6379
[2021-05-10 17:18:22.115+0800][INFO ][main][oap][instanceName] - Provider=default config=timeout has been set as 10000
[2021-05-10 17:18:22.115+0800][INFO ][main][oap][instanceName] - Provider=default config=database has been set as 0
[2021-05-10 17:18:22.116+0800][INFO ][main][oap][instanceName] - Provider=default config=maxActive has been set as 200
[2021-05-10 17:18:22.116+0800][INFO ][main][oap][instanceName] - Provider=default config=maxWait has been set as 10000
[2021-05-10 17:18:22.116+0800][INFO ][main][oap][instanceName] - Provider=default config=maxIdle has been set as 10
[2021-05-10 17:18:22.117+0800][INFO ][main][oap][instanceName] - Provider=default config=minIdle has been set as 5
[2021-05-10 17:18:22.117+0800][INFO ][main][oap][instanceName] - Get a module define from application.yml, module name: receiver-sharing-server
[2021-05-10 17:18:22.117+0800][INFO ][main][oap][instanceName] - Get a provider define belong to receiver-sharing-server module, provider name: default
[2021-05-10 17:18:22.117+0800][INFO ][main][oap][instanceName] - Provider=default config=host has been set as 0.0.0.0
[2021-05-10 17:18:22.118+0800][INFO ][main][oap][instanceName] - Provider=default config=contextPath has been set as /
[2021-05-10 17:18:22.118+0800][INFO ][main][oap][instanceName] - Provider=default config=authentication has been set as 
[2021-05-10 17:18:22.118+0800][INFO ][main][oap][instanceName] - Provider=default config=jettyMinThreads has been set as 1
[2021-05-10 17:18:22.118+0800][INFO ][main][oap][instanceName] - Provider=default config=jettyMaxThreads has been set as 200
[2021-05-10 17:18:22.118+0800][INFO ][main][oap][instanceName] - Provider=default config=jettyIdleTimeOut has been set as 30000
[2021-05-10 17:18:22.119+0800][INFO ][main][oap][instanceName] - Provider=default config=jettyAcceptorPriorityDelta has been set as 0
[2021-05-10 17:18:22.119+0800][INFO ][main][oap][instanceName] - Provider=default config=jettyAcceptQueueSize has been set as 0
[2021-05-10 17:18:22.119+0800][INFO ][main][oap][instanceName] - Get a module define from application.yml, module name: receiver-register
[2021-05-10 17:18:22.119+0800][INFO ][main][oap][instanceName] - Get a provider define belong to receiver-register module, provider name: default
[2021-05-10 17:18:22.119+0800][INFO ][main][oap][instanceName] - Get a module define from application.yml, module name: receiver-trace
[2021-05-10 17:18:22.119+0800][INFO ][main][oap][instanceName] - Get a provider define belong to receiver-trace module, provider name: default
[2021-05-10 17:18:22.119+0800][INFO ][main][oap][instanceName] - Get a module define from application.yml, module name: receiver-jvm
[2021-05-10 17:18:22.119+0800][INFO ][main][oap][instanceName] - Get a provider define belong to receiver-jvm module, provider name: default
[2021-05-10 17:18:22.120+0800][INFO ][main][oap][instanceName] - Get a module define from application.yml, module name: receiver-clr
[2021-05-10 17:18:22.120+0800][INFO ][main][oap][instanceName] - Get a provider define belong to receiver-clr module, provider name: default
[2021-05-10 17:18:22.120+0800][INFO ][main][oap][instanceName] - Get a module define from application.yml, module name: receiver-profile
[2021-05-10 17:18:22.120+0800][INFO ][main][oap][instanceName] - Get a provider define belong to receiver-profile module, provider name: default
[2021-05-10 17:18:22.120+0800][INFO ][main][oap][instanceName] - Get a module define from application.yml, module name: service-mesh
[2021-05-10 17:18:22.120+0800][INFO ][main][oap][instanceName] - Get a provider define belong to service-mesh module, provider name: default
[2021-05-10 17:18:22.120+0800][INFO ][main][oap][instanceName] - Get a module define from application.yml, module name: istio-telemetry
[2021-05-10 17:18:22.120+0800][INFO ][main][oap][instanceName] - Get a provider define belong to istio-telemetry module, provider name: default
[2021-05-10 17:18:22.120+0800][INFO ][main][oap][instanceName] - Get a module define from application.yml, module name: envoy-metric
[2021-05-10 17:18:22.121+0800][INFO ][main][oap][instanceName] - Get a provider define belong to envoy-metric module, provider name: default
[2021-05-10 17:18:22.121+0800][INFO ][main][oap][instanceName] - Provider=default config=acceptMetricsService has been set as true
[2021-05-10 17:18:22.121+0800][INFO ][main][oap][instanceName] - Provider=default config=alsHTTPAnalysis has been set as 
[2021-05-10 17:18:22.121+0800][INFO ][main][oap][instanceName] - Get a module define from application.yml, module name: prometheus-fetcher
[2021-05-10 17:18:22.121+0800][INFO ][main][oap][instanceName] - Get a provider define belong to prometheus-fetcher module, provider name: default
[2021-05-10 17:18:22.122+0800][INFO ][main][oap][instanceName] - Provider=default config=active has been set as false
[2021-05-10 17:18:22.122+0800][INFO ][main][oap][instanceName] - Get a module define from application.yml, module name: kafka-fetcher
[2021-05-10 17:18:22.122+0800][INFO ][main][oap][instanceName] - Get a provider define belong to kafka-fetcher module, provider name: default
[2021-05-10 17:18:22.122+0800][INFO ][main][oap][instanceName] - Provider=default config=bootstrapServers has been set as localhost:9092
[2021-05-10 17:18:22.122+0800][INFO ][main][oap][instanceName] - Provider=default config=partitions has been set as 3
[2021-05-10 17:18:22.123+0800][INFO ][main][oap][instanceName] - Provider=default config=replicationFactor has been set as 1
[2021-05-10 17:18:22.123+0800][INFO ][main][oap][instanceName] - Provider=default config=enableMeterSystem has been set as false
[2021-05-10 17:18:22.123+0800][INFO ][main][oap][instanceName] - Provider=default config=isSharding has been set as false
[2021-05-10 17:18:22.123+0800][INFO ][main][oap][instanceName] - Provider=default config=consumePartitions has been set as 
[2021-05-10 17:18:22.123+0800][INFO ][main][oap][instanceName] - Provider=default config=safeOffset has been set as 1000
[2021-05-10 17:18:22.123+0800][INFO ][main][oap][instanceName] - Provider=default config=groupId has been set as skywalking-consumer-op
[2021-05-10 17:18:22.124+0800][INFO ][main][oap][instanceName] - Provider=default config=topicNameOfTracingSegments has been set as skywalking-segments-op
[2021-05-10 17:18:22.124+0800][INFO ][main][oap][instanceName] - Get a module define from application.yml, module name: receiver-connection-pool
[2021-05-10 17:18:22.124+0800][INFO ][main][oap][instanceName] - Get a provider define belong to receiver-connection-pool module, provider name: default
[2021-05-10 17:18:22.124+0800][INFO ][main][oap][instanceName] - Get a module define from application.yml, module name: receiver-server-monitor
[2021-05-10 17:18:22.124+0800][INFO ][main][oap][instanceName] - Get a provider define belong to receiver-server-monitor module, provider name: default
[2021-05-10 17:18:22.124+0800][INFO ][main][oap][instanceName] - Get a module define from application.yml, module name: query
[2021-05-10 17:18:22.125+0800][INFO ][main][oap][instanceName] - Get a provider define belong to query module, provider name: graphql
[2021-05-10 17:18:22.125+0800][INFO ][main][oap][instanceName] - Provider=graphql config=path has been set as /graphql
[2021-05-10 17:18:22.125+0800][INFO ][main][oap][instanceName] - Provider=graphql config=aliveTime has been set as 2
[2021-05-10 17:18:22.125+0800][INFO ][main][oap][instanceName] - Get a module define from application.yml, module name: alarm
[2021-05-10 17:18:22.125+0800][INFO ][main][oap][instanceName] - Get a provider define belong to alarm module, provider name: default
[2021-05-10 17:18:22.125+0800][INFO ][main][oap][instanceName] - Get a module define from application.yml, module name: telemetry
[2021-05-10 17:18:22.126+0800][INFO ][main][oap][instanceName] - Get a provider define belong to telemetry module, provider name: none
[2021-05-10 17:18:22.126+0800][INFO ][main][oap][instanceName] - Get a module define from application.yml, module name: configuration
[2021-05-10 17:18:22.126+0800][INFO ][main][oap][instanceName] - Get a provider define belong to configuration module, provider name: zookeeper
[2021-05-10 17:18:22.126+0800][INFO ][main][oap][instanceName] - Provider=zookeeper config=period has been set as 60
[2021-05-10 17:18:22.126+0800][INFO ][main][oap][instanceName] - Provider=zookeeper config=nameSpace has been set as /default
[2021-05-10 17:18:22.127+0800][INFO ][main][oap][instanceName] - Provider=zookeeper config=hostPort has been set as localhost:2181
[2021-05-10 17:18:22.127+0800][INFO ][main][oap][instanceName] - Provider=zookeeper config=baseSleepTimeMs has been set as 1000
[2021-05-10 17:18:22.127+0800][INFO ][main][oap][instanceName] - Provider=zookeeper config=maxRetries has been set as 3
